  Crypto.cpp
  MotorScene.cpp
C:\Program Files (x86)\Windows Kits\10\Include\10.0.18362.0\shared\minwindef.h(130,1): warning C4005: 'APIENTRY': macro redefinition
C:\Users\SRHD\Desktop\0.2\glfw\include\GLFW\glfw3.h(104): message : see previous definition of 'APIENTRY'
C:\Users\SRHD\Desktop\0.2\DM2122 Prac\Source\GameScene.h(34,24): warning C4244: 'argument': conversion from 'float' to 'char', possible loss of data
C:\Users\SRHD\Desktop\0.2\DM2122 Prac\Source\MotorScene.cpp(707,55): warning C4390: ';': empty controlled statement found; is this the intent?
C:\Users\SRHD\Desktop\0.2\DM2122 Prac\Source\MotorScene.cpp(1196,42): warning C4305: 'argument': truncation from 'double' to 'float'
C:\Users\SRHD\Desktop\0.2\DM2122 Prac\Source\MotorScene.cpp(1201,42): warning C4305: 'argument': truncation from 'double' to 'float'
C:\Users\SRHD\Desktop\0.2\DM2122 Prac\Source\MotorScene.cpp(1206,42): warning C4305: 'argument': truncation from 'double' to 'float'
C:\Users\SRHD\Desktop\0.2\DM2122 Prac\Source\MotorScene.cpp(1211,42): warning C4305: 'argument': truncation from 'double' to 'float'
C:\Users\SRHD\Desktop\0.2\DM2122 Prac\Source\MotorScene.cpp(1218,49): warning C4305: 'argument': truncation from 'double' to 'float'
C:\Users\SRHD\Desktop\0.2\DM2122 Prac\Source\MotorScene.cpp(1242,56): warning C4305: 'argument': truncation from 'double' to 'float'
C:\Users\SRHD\Desktop\0.2\DM2122 Prac\Source\MotorScene.cpp(1246,55): warning C4305: 'argument': truncation from 'double' to 'float'
C:\Users\SRHD\Desktop\0.2\DM2122 Prac\Source\MotorScene.cpp(1250,52): warning C4305: 'argument': truncation from 'double' to 'float'
C:\Users\SRHD\Desktop\0.2\DM2122 Prac\Source\MotorScene.cpp(1254,52): warning C4305: 'argument': truncation from 'double' to 'float'
C:\Users\SRHD\Desktop\0.2\DM2122 Prac\Source\MotorScene.cpp(1261,49): warning C4305: 'argument': truncation from 'double' to 'float'
C:\Users\SRHD\Desktop\0.2\DM2122 Prac\Source\MotorScene.cpp(1286,56): warning C4305: 'argument': truncation from 'double' to 'float'
C:\Users\SRHD\Desktop\0.2\DM2122 Prac\Source\MotorScene.cpp(1290,55): warning C4305: 'argument': truncation from 'double' to 'float'
C:\Users\SRHD\Desktop\0.2\DM2122 Prac\Source\MotorScene.cpp(1294,52): warning C4305: 'argument': truncation from 'double' to 'float'
C:\Users\SRHD\Desktop\0.2\DM2122 Prac\Source\MotorScene.cpp(1298,52): warning C4305: 'argument': truncation from 'double' to 'float'
  ScoreSystem.cpp
  Generating Code...
LINK : warning LNK4098: defaultlib 'MSVCRT' conflicts with use of other libs; use /NODEFAULTLIB:library
  DM2122 Prac.vcxproj -> C:\Users\SRHD\Desktop\0.2\Debug\DM2122 Prac.exe
