c:\users\asus\desktop\computer graphics project\dm2122 prac\debug\vc142.pdb
c:\users\asus\desktop\computer graphics project\dm2122 prac\debug\vc142.idb
c:\users\asus\desktop\computer graphics project\dm2122 prac\debug\vehicle.obj
c:\users\asus\desktop\computer graphics project\dm2122 prac\debug\scenemanager.obj
c:\users\asus\desktop\computer graphics project\dm2122 prac\debug\object.obj
c:\users\asus\desktop\computer graphics project\dm2122 prac\debug\scoresystem.obj
c:\users\asus\desktop\computer graphics project\dm2122 prac\debug\motorscene.obj
c:\users\asus\desktop\computer graphics project\dm2122 prac\debug\menu.obj
c:\users\asus\desktop\computer graphics project\dm2122 prac\debug\mainchar.obj
c:\users\asus\desktop\computer graphics project\dm2122 prac\debug\idlecamera.obj
c:\users\asus\desktop\computer graphics project\dm2122 prac\debug\ghostscene.obj
c:\users\asus\desktop\computer graphics project\dm2122 prac\debug\gamescene2.obj
c:\users\asus\desktop\computer graphics project\dm2122 prac\debug\crypto.obj
c:\users\asus\desktop\computer graphics project\dm2122 prac\debug\application.obj
d:\desktop\yr 1\sem 2\sp2 (cg proj)\dm2122 prac\debug\vc142.pdb
d:\desktop\yr 1\sem 2\sp2 (cg proj)\dm2122 prac\debug\vc142.idb
d:\desktop\yr 1\sem 2\sp2 (cg proj)\dm2122 prac\debug\shadermanager.obj
d:\desktop\yr 1\sem 2\sp2 (cg proj)\dm2122 prac\debug\scoresystem.obj
d:\desktop\yr 1\sem 2\sp2 (cg proj)\dm2122 prac\debug\scenemanager.obj
d:\desktop\yr 1\sem 2\sp2 (cg proj)\dm2122 prac\debug\particlesystem.obj
d:\desktop\yr 1\sem 2\sp2 (cg proj)\dm2122 prac\debug\object.obj
d:\desktop\yr 1\sem 2\sp2 (cg proj)\dm2122 prac\debug\meshbuilder.obj
d:\desktop\yr 1\sem 2\sp2 (cg proj)\dm2122 prac\debug\mesh.obj
d:\desktop\yr 1\sem 2\sp2 (cg proj)\dm2122 prac\debug\menu.obj
d:\desktop\yr 1\sem 2\sp2 (cg proj)\dm2122 prac\debug\mainchar.obj
d:\desktop\yr 1\sem 2\sp2 (cg proj)\dm2122 prac\debug\main.obj
d:\desktop\yr 1\sem 2\sp2 (cg proj)\dm2122 prac\debug\loadtga.obj
d:\desktop\yr 1\sem 2\sp2 (cg proj)\dm2122 prac\debug\loadobj.obj
d:\desktop\yr 1\sem 2\sp2 (cg proj)\dm2122 prac\debug\idlecamera.obj
d:\desktop\yr 1\sem 2\sp2 (cg proj)\dm2122 prac\debug\ghostscene.obj
d:\desktop\yr 1\sem 2\sp2 (cg proj)\dm2122 prac\debug\gamescene2.obj
d:\desktop\yr 1\sem 2\sp2 (cg proj)\dm2122 prac\debug\gamescene.obj
d:\desktop\yr 1\sem 2\sp2 (cg proj)\dm2122 prac\debug\crypto.obj
d:\desktop\yr 1\sem 2\sp2 (cg proj)\dm2122 prac\debug\camera.obj
d:\desktop\yr 1\sem 2\sp2 (cg proj)\dm2122 prac\debug\vehicle.obj
d:\desktop\yr 1\sem 2\sp2 (cg proj)\dm2122 prac\debug\utility.obj
c:\users\asus\desktop\computer graphics project\debug\dm2122 prac.exe
c:\users\asus\desktop\computer graphics project\debug\dm2122 prac.ilk
c:\users\asus\desktop\computer graphics project\debug\dm2122 prac.pdb
d:\desktop\yr 1\sem 2\sp2 (cg proj)\dm2122 prac\debug\application.obj
d:\desktop\yr 1\sem 2\sp2 (cg proj)\dm2122 prac\debug\camera2.obj
d:\desktop\yr 1\sem 2\sp2 (cg proj)\dm2122 prac\debug\car.obj
d:\desktop\yr 1\sem 2\sp2 (cg proj)\dm2122 prac\debug\motorscene.obj
d:\desktop\yr 1\sem 2\sp2 (cg proj)\dm2122 prac\debug\myscene.obj
d:\desktop\yr 1\sem 2\sp2 (cg proj)\dm2122 prac\debug\otherscene.obj
d:\desktop\yr 1\sem 2\sp2 (cg proj)\dm2122 prac\debug\scenetext.obj
d:\desktop\yr 1\sem 2\sp2 (cg proj)\dm2122 prac\debug\shader.obj
d:\desktop\yr 1\sem 2\sp2 (cg proj)\dm2122 prac\debug\motorscene.new.obj.enc
d:\desktop\yr 1\sem 2\sp2 (cg proj)\dm2122 prac\debug\object.obj.enc
d:\desktop\yr 1\sem 2\sp2 (cg proj)\dm2122 prac\debug\vehicle.obj.enc
d:\desktop\yr 1\sem 2\sp2 (cg proj)\debug\dm2122 prac.pdb
d:\desktop\yr 1\sem 2\sp2 (cg proj)\debug\dm2122 prac.exe
d:\desktop\yr 1\sem 2\sp2 (cg proj)\debug\dm2122 prac.ilk
d:\desktop\yr 1\sem 2\sp2 (cg proj)\dm2122 prac\debug\dm2122 prac.tlog\cl.command.1.tlog
d:\desktop\yr 1\sem 2\sp2 (cg proj)\dm2122 prac\debug\dm2122 prac.tlog\cl.read.1.tlog
d:\desktop\yr 1\sem 2\sp2 (cg proj)\dm2122 prac\debug\dm2122 prac.tlog\cl.write.1.tlog
d:\desktop\yr 1\sem 2\sp2 (cg proj)\dm2122 prac\debug\dm2122 prac.tlog\link.command.1.tlog
d:\desktop\yr 1\sem 2\sp2 (cg proj)\dm2122 prac\debug\dm2122 prac.tlog\link.read.1.tlog
d:\desktop\yr 1\sem 2\sp2 (cg proj)\dm2122 prac\debug\dm2122 prac.tlog\link.write.1.tlog
